2014-03-15 23:20:26,916 ERROR [errorlog] java.net.MalformedURLException: unknown protocol: c
java.net.MalformedURLException: unknown protocol: c
	at java.net.URL.<init>(Unknown Source)
	at java.net.URL.<init>(Unknown Source)
	at java.net.URL.<init>(Unknown Source)
	at com.eviware.soapui.impl.wsdl.WsdlProject.<init>(WsdlProject.java:215)
	at com.eviware.soapui.impl.wsdl.WsdlProjectPro.<init>(SourceFile:156)
	at com.eviware.soapui.impl.wsdl.WsdlProjectProFactory.createNew(SourceFile:32)
	at com.eviware.soapui.impl.wsdl.WsdlProjectProFactory.createNew(SourceFile:16)
	at com.eviware.soapui.tools.SoapUITestCaseRunner.runRunner(SoapUITestCaseRunner.java:337)
	at com.eviware.soapui.tools.AbstractSoapUIRunner.run(AbstractSoapUIRunner.java:158)
	at com.eviware.soapui.tools.AbstractSoapUIRunner.runFromCommandLine(AbstractSoapUIRunner.java:89)
	at com.eviware.soapui.SoapUIProTestCaseRunner.main(SourceFile:58)
2014-03-15 23:20:26,993 ERROR [errorlog] java.lang.Exception: Failed to load SoapUI project file [C:\Software\CurrencyConvertor-soapui-project.xml]
java.lang.Exception: Failed to load SoapUI project file [C:\Software\CurrencyConvertor-soapui-project.xml]
	at com.eviware.soapui.tools.SoapUITestCaseRunner.runRunner(SoapUITestCaseRunner.java:341)
	at com.eviware.soapui.tools.AbstractSoapUIRunner.run(AbstractSoapUIRunner.java:158)
	at com.eviware.soapui.tools.AbstractSoapUIRunner.runFromCommandLine(AbstractSoapUIRunner.java:89)
	at com.eviware.soapui.SoapUIProTestCaseRunner.main(SourceFile:58)
2014-03-15 23:22:01,887 ERROR [errorlog] java.net.MalformedURLException: unknown protocol: c
java.net.MalformedURLException: unknown protocol: c
	at java.net.URL.<init>(Unknown Source)
	at java.net.URL.<init>(Unknown Source)
	at java.net.URL.<init>(Unknown Source)
	at com.eviware.soapui.impl.wsdl.WsdlProject.<init>(WsdlProject.java:215)
	at com.eviware.soapui.impl.wsdl.WsdlProjectPro.<init>(SourceFile:156)
	at com.eviware.soapui.impl.wsdl.WsdlProjectProFactory.createNew(SourceFile:32)
	at com.eviware.soapui.impl.wsdl.WsdlProjectProFactory.createNew(SourceFile:16)
	at com.eviware.soapui.tools.SoapUITestCaseRunner.runRunner(SoapUITestCaseRunner.java:337)
	at com.eviware.soapui.tools.AbstractSoapUIRunner.run(AbstractSoapUIRunner.java:158)
	at com.eviware.soapui.tools.AbstractSoapUIRunner.runFromCommandLine(AbstractSoapUIRunner.java:89)
	at com.eviware.soapui.SoapUIProTestCaseRunner.main(SourceFile:58)
2014-03-15 23:22:01,966 ERROR [errorlog] java.lang.Exception: Failed to load SoapUI project file [C:\Software\CurrencyConvertor-soapui-project.xml]
java.lang.Exception: Failed to load SoapUI project file [C:\Software\CurrencyConvertor-soapui-project.xml]
	at com.eviware.soapui.tools.SoapUITestCaseRunner.runRunner(SoapUITestCaseRunner.java:341)
	at com.eviware.soapui.tools.AbstractSoapUIRunner.run(AbstractSoapUIRunner.java:158)
	at com.eviware.soapui.tools.AbstractSoapUIRunner.runFromCommandLine(AbstractSoapUIRunner.java:89)
	at com.eviware.soapui.SoapUIProTestCaseRunner.main(SourceFile:58)
2014-03-15 23:27:21,453 ERROR [errorlog] java.lang.Exception: TestSuite with name [${suite}] is missing in Project [CurrencyConvertor]
java.lang.Exception: TestSuite with name [${suite}] is missing in Project [CurrencyConvertor]
	at com.eviware.soapui.tools.SoapUITestCaseRunner.runRunner(SoapUITestCaseRunner.java:359)
	at com.eviware.soapui.tools.AbstractSoapUIRunner.run(AbstractSoapUIRunner.java:158)
	at com.eviware.soapui.tools.AbstractSoapUIRunner.runFromCommandLine(AbstractSoapUIRunner.java:89)
	at com.eviware.soapui.SoapUIProTestCaseRunner.main(SourceFile:58)
2014-03-15 23:28:56,974 ERROR [errorlog] java.net.MalformedURLException: unknown protocol: c
java.net.MalformedURLException: unknown protocol: c
	at java.net.URL.<init>(Unknown Source)
	at java.net.URL.<init>(Unknown Source)
	at java.net.URL.<init>(Unknown Source)
	at com.eviware.soapui.impl.wsdl.WsdlProject.<init>(WsdlProject.java:215)
	at com.eviware.soapui.impl.wsdl.WsdlProjectPro.<init>(SourceFile:156)
	at com.eviware.soapui.impl.wsdl.WsdlProjectProFactory.createNew(SourceFile:32)
	at com.eviware.soapui.impl.wsdl.WsdlProjectProFactory.createNew(SourceFile:16)
	at com.eviware.soapui.tools.SoapUITestCaseRunner.runRunner(SoapUITestCaseRunner.java:337)
	at com.eviware.soapui.tools.AbstractSoapUIRunner.run(AbstractSoapUIRunner.java:158)
	at com.eviware.soapui.tools.AbstractSoapUIRunner.runFromCommandLine(AbstractSoapUIRunner.java:89)
	at com.eviware.soapui.SoapUIProTestCaseRunner.main(SourceFile:58)
2014-03-15 23:28:57,052 ERROR [errorlog] java.lang.Exception: Failed to load SoapUI project file [C:\Software\CurrencyConvertor-soapui-project.xml]
java.lang.Exception: Failed to load SoapUI project file [C:\Software\CurrencyConvertor-soapui-project.xml]
	at com.eviware.soapui.tools.SoapUITestCaseRunner.runRunner(SoapUITestCaseRunner.java:341)
	at com.eviware.soapui.tools.AbstractSoapUIRunner.run(AbstractSoapUIRunner.java:158)
	at com.eviware.soapui.tools.AbstractSoapUIRunner.runFromCommandLine(AbstractSoapUIRunner.java:89)
	at com.eviware.soapui.SoapUIProTestCaseRunner.main(SourceFile:58)
2014-03-15 23:29:42,052 ERROR [errorlog] java.net.MalformedURLException: unknown protocol: c
java.net.MalformedURLException: unknown protocol: c
	at java.net.URL.<init>(Unknown Source)
	at java.net.URL.<init>(Unknown Source)
	at java.net.URL.<init>(Unknown Source)
	at com.eviware.soapui.impl.wsdl.WsdlProject.<init>(WsdlProject.java:215)
	at com.eviware.soapui.impl.wsdl.WsdlProjectPro.<init>(SourceFile:156)
	at com.eviware.soapui.impl.wsdl.WsdlProjectProFactory.createNew(SourceFile:32)
	at com.eviware.soapui.impl.wsdl.WsdlProjectProFactory.createNew(SourceFile:16)
	at com.eviware.soapui.tools.SoapUITestCaseRunner.runRunner(SoapUITestCaseRunner.java:337)
	at com.eviware.soapui.tools.AbstractSoapUIRunner.run(AbstractSoapUIRunner.java:158)
	at com.eviware.soapui.tools.AbstractSoapUIRunner.runFromCommandLine(AbstractSoapUIRunner.java:89)
	at com.eviware.soapui.SoapUIProTestCaseRunner.main(SourceFile:58)
2014-03-15 23:29:42,131 ERROR [errorlog] java.lang.Exception: Failed to load SoapUI project file [C:\Software\CurrencyConvertor-soapui-project.xml]
java.lang.Exception: Failed to load SoapUI project file [C:\Software\CurrencyConvertor-soapui-project.xml]
	at com.eviware.soapui.tools.SoapUITestCaseRunner.runRunner(SoapUITestCaseRunner.java:341)
	at com.eviware.soapui.tools.AbstractSoapUIRunner.run(AbstractSoapUIRunner.java:158)
	at com.eviware.soapui.tools.AbstractSoapUIRunner.runFromCommandLine(AbstractSoapUIRunner.java:89)
	at com.eviware.soapui.SoapUIProTestCaseRunner.main(SourceFile:58)
2014-03-15 23:31:27,122 ERROR [errorlog] java.net.MalformedURLException: unknown protocol: c
java.net.MalformedURLException: unknown protocol: c
	at java.net.URL.<init>(Unknown Source)
	at java.net.URL.<init>(Unknown Source)
	at java.net.URL.<init>(Unknown Source)
	at com.eviware.soapui.impl.wsdl.WsdlProject.<init>(WsdlProject.java:215)
	at com.eviware.soapui.impl.wsdl.WsdlProjectPro.<init>(SourceFile:156)
	at com.eviware.soapui.impl.wsdl.WsdlProjectProFactory.createNew(SourceFile:32)
	at com.eviware.soapui.impl.wsdl.WsdlProjectProFactory.createNew(SourceFile:16)
	at com.eviware.soapui.tools.SoapUITestCaseRunner.runRunner(SoapUITestCaseRunner.java:337)
	at com.eviware.soapui.tools.AbstractSoapUIRunner.run(AbstractSoapUIRunner.java:158)
	at com.eviware.soapui.tools.AbstractSoapUIRunner.runFromCommandLine(AbstractSoapUIRunner.java:89)
	at com.eviware.soapui.SoapUIProTestCaseRunner.main(SourceFile:58)
2014-03-15 23:31:27,220 ERROR [errorlog] java.lang.Exception: Failed to load SoapUI project file [C:\Software\CurrencyConvertor-soapui-project.xml]
java.lang.Exception: Failed to load SoapUI project file [C:\Software\CurrencyConvertor-soapui-project.xml]
	at com.eviware.soapui.tools.SoapUITestCaseRunner.runRunner(SoapUITestCaseRunner.java:341)
	at com.eviware.soapui.tools.AbstractSoapUIRunner.run(AbstractSoapUIRunner.java:158)
	at com.eviware.soapui.tools.AbstractSoapUIRunner.runFromCommandLine(AbstractSoapUIRunner.java:89)
	at com.eviware.soapui.SoapUIProTestCaseRunner.main(SourceFile:58)
2014-03-15 23:33:07,227 ERROR [errorlog] java.net.MalformedURLException: unknown protocol: c
java.net.MalformedURLException: unknown protocol: c
	at java.net.URL.<init>(Unknown Source)
	at java.net.URL.<init>(Unknown Source)
	at java.net.URL.<init>(Unknown Source)
	at com.eviware.soapui.impl.wsdl.WsdlProject.<init>(WsdlProject.java:215)
	at com.eviware.soapui.impl.wsdl.WsdlProjectPro.<init>(SourceFile:156)
	at com.eviware.soapui.impl.wsdl.WsdlProjectProFactory.createNew(SourceFile:32)
	at com.eviware.soapui.impl.wsdl.WsdlProjectProFactory.createNew(SourceFile:16)
	at com.eviware.soapui.tools.SoapUITestCaseRunner.runRunner(SoapUITestCaseRunner.java:337)
	at com.eviware.soapui.tools.AbstractSoapUIRunner.run(AbstractSoapUIRunner.java:158)
	at com.eviware.soapui.tools.AbstractSoapUIRunner.runFromCommandLine(AbstractSoapUIRunner.java:89)
	at com.eviware.soapui.SoapUIProTestCaseRunner.main(SourceFile:58)
2014-03-15 23:33:07,305 ERROR [errorlog] java.lang.Exception: Failed to load SoapUI project file [C:\Software\CurrencyConvertor-soapui-project.xml]
java.lang.Exception: Failed to load SoapUI project file [C:\Software\CurrencyConvertor-soapui-project.xml]
	at com.eviware.soapui.tools.SoapUITestCaseRunner.runRunner(SoapUITestCaseRunner.java:341)
	at com.eviware.soapui.tools.AbstractSoapUIRunner.run(AbstractSoapUIRunner.java:158)
	at com.eviware.soapui.tools.AbstractSoapUIRunner.runFromCommandLine(AbstractSoapUIRunner.java:89)
	at com.eviware.soapui.SoapUIProTestCaseRunner.main(SourceFile:58)
2014-03-15 23:33:35,908 ERROR [errorlog] java.lang.Exception: Contains in [ConversionRate - My MockRequest] failed;
[Missing token [0.0219] in Response]
Status: FAILED
Time Taken: 879
Size: 375
Timestamp: Sat Mar 15 23:33:34 CET 2014
TestStep: ConversionRate - My MockRequest

----------------- Messages ------------------------------
[Contains] Missing token [0.0219] in Response

----------------- Properties ------------------------------
Encoding: UTF-8
Endpoint: http://www.webservicex.net/CurrencyConvertor.asmx

---------------- Request ---------------------------
Request Headers: Host : www.webservicex.net
Content-Length : 325
Accept-Encoding : gzip,deflate
User-Agent : Apache-HttpClient/4.1.1 (java 1.5)
Connection : Keep-Alive
Content-Type : application/soap+xml;charset=UTF-8;action="http://www.webserviceX.NET/ConversionRate"


<soap:Envelope xmlns:soap="http://www.w3.org/2003/05/soap-envelope" xmlns:web="http://www.webserviceX.NET/">
   <soap:Header/>
   <soap:Body>
      <web:ConversionRate>
         <web:FromCurrency>ALL</web:FromCurrency>
         <web:ToCurrency>ALL</web:ToCurrency>
      </web:ConversionRate>
   </soap:Body>
</soap:Envelope>

---------------- Response --------------------------
Response Headers: X-AspNet-Version : 4.0.30319
Date : Sat, 15 Mar 2014 22:33:36 GMT
#status# : HTTP/1.1 200 OK
Content-Length : 375
Content-Type : application/soap+xml; charset=utf-8
X-Powered-By : ASP.NET
Server : Microsoft-IIS/7.0
Cache-Control : private, max-age=0


<soap:Envelope xmlns:soap="http://www.w3.org/2003/05/soap-envelope" xmlns:xsi="http://www.w3.org/2001/XMLSchema-instance" xmlns:xsd="http://www.w3.org/2001/XMLSchema">
   <soap:Body>
      <ConversionRateResponse xmlns="http://www.webserviceX.NET/">
         <ConversionRateResult>1</ConversionRateResult>
      </ConversionRateResponse>
   </soap:Body>
</soap:Envelope>

java.lang.Exception: Contains in [ConversionRate - My MockRequest] failed;
[Missing token [0.0219] in Response]
Status: FAILED
Time Taken: 879
Size: 375
Timestamp: Sat Mar 15 23:33:34 CET 2014
TestStep: ConversionRate - My MockRequest

----------------- Messages ------------------------------
[Contains] Missing token [0.0219] in Response

----------------- Properties ------------------------------
Encoding: UTF-8
Endpoint: http://www.webservicex.net/CurrencyConvertor.asmx

---------------- Request ---------------------------
Request Headers: Host : www.webservicex.net
Content-Length : 325
Accept-Encoding : gzip,deflate
User-Agent : Apache-HttpClient/4.1.1 (java 1.5)
Connection : Keep-Alive
Content-Type : application/soap+xml;charset=UTF-8;action="http://www.webserviceX.NET/ConversionRate"


<soap:Envelope xmlns:soap="http://www.w3.org/2003/05/soap-envelope" xmlns:web="http://www.webserviceX.NET/">
   <soap:Header/>
   <soap:Body>
      <web:ConversionRate>
         <web:FromCurrency>ALL</web:FromCurrency>
         <web:ToCurrency>ALL</web:ToCurrency>
      </web:ConversionRate>
   </soap:Body>
</soap:Envelope>

---------------- Response --------------------------
Response Headers: X-AspNet-Version : 4.0.30319
Date : Sat, 15 Mar 2014 22:33:36 GMT
#status# : HTTP/1.1 200 OK
Content-Length : 375
Content-Type : application/soap+xml; charset=utf-8
X-Powered-By : ASP.NET
Server : Microsoft-IIS/7.0
Cache-Control : private, max-age=0


<soap:Envelope xmlns:soap="http://www.w3.org/2003/05/soap-envelope" xmlns:xsi="http://www.w3.org/2001/XMLSchema-instance" xmlns:xsd="http://www.w3.org/2001/XMLSchema">
   <soap:Body>
      <ConversionRateResponse xmlns="http://www.webserviceX.NET/">
         <ConversionRateResult>1</ConversionRateResult>
      </ConversionRateResponse>
   </soap:Body>
</soap:Envelope>

	at com.eviware.soapui.tools.SoapUITestCaseRunner.throwFailureException(SoapUITestCaseRunner.java:531)
	at com.eviware.soapui.tools.SoapUITestCaseRunner.runRunner(SoapUITestCaseRunner.java:433)
	at com.eviware.soapui.tools.AbstractSoapUIRunner.run(AbstractSoapUIRunner.java:158)
	at com.eviware.soapui.tools.AbstractSoapUIRunner.runFromCommandLine(AbstractSoapUIRunner.java:89)
	at com.eviware.soapui.SoapUIProTestCaseRunner.main(SourceFile:58)
2014-03-15 23:38:21,579 ERROR [errorlog] java.lang.Exception: Contains in [ConversionRate - My MockRequest] failed;
[Missing token [0.0219] in Response]
Status: FAILED
Time Taken: 739
Size: 375
Timestamp: Sat Mar 15 23:38:20 CET 2014
TestStep: ConversionRate - My MockRequest

----------------- Messages ------------------------------
[Contains] Missing token [0.0219] in Response

----------------- Properties ------------------------------
Encoding: UTF-8
Endpoint: http://www.webservicex.net/CurrencyConvertor.asmx

---------------- Request ---------------------------
Request Headers: Host : www.webservicex.net
Content-Length : 325
Accept-Encoding : gzip,deflate
User-Agent : Apache-HttpClient/4.1.1 (java 1.5)
Connection : Keep-Alive
Content-Type : application/soap+xml;charset=UTF-8;action="http://www.webserviceX.NET/ConversionRate"


<soap:Envelope xmlns:soap="http://www.w3.org/2003/05/soap-envelope" xmlns:web="http://www.webserviceX.NET/">
   <soap:Header/>
   <soap:Body>
      <web:ConversionRate>
         <web:FromCurrency>ALL</web:FromCurrency>
         <web:ToCurrency>ALL</web:ToCurrency>
      </web:ConversionRate>
   </soap:Body>
</soap:Envelope>

---------------- Response --------------------------
Response Headers: X-AspNet-Version : 4.0.30319
Date : Sat, 15 Mar 2014 22:38:22 GMT
#status# : HTTP/1.1 200 OK
Content-Length : 375
Content-Type : application/soap+xml; charset=utf-8
X-Powered-By : ASP.NET
Server : Microsoft-IIS/7.0
Cache-Control : private, max-age=0


<soap:Envelope xmlns:soap="http://www.w3.org/2003/05/soap-envelope" xmlns:xsi="http://www.w3.org/2001/XMLSchema-instance" xmlns:xsd="http://www.w3.org/2001/XMLSchema">
   <soap:Body>
      <ConversionRateResponse xmlns="http://www.webserviceX.NET/">
         <ConversionRateResult>1</ConversionRateResult>
      </ConversionRateResponse>
   </soap:Body>
</soap:Envelope>

java.lang.Exception: Contains in [ConversionRate - My MockRequest] failed;
[Missing token [0.0219] in Response]
Status: FAILED
Time Taken: 739
Size: 375
Timestamp: Sat Mar 15 23:38:20 CET 2014
TestStep: ConversionRate - My MockRequest

----------------- Messages ------------------------------
[Contains] Missing token [0.0219] in Response

----------------- Properties ------------------------------
Encoding: UTF-8
Endpoint: http://www.webservicex.net/CurrencyConvertor.asmx

---------------- Request ---------------------------
Request Headers: Host : www.webservicex.net
Content-Length : 325
Accept-Encoding : gzip,deflate
User-Agent : Apache-HttpClient/4.1.1 (java 1.5)
Connection : Keep-Alive
Content-Type : application/soap+xml;charset=UTF-8;action="http://www.webserviceX.NET/ConversionRate"


<soap:Envelope xmlns:soap="http://www.w3.org/2003/05/soap-envelope" xmlns:web="http://www.webserviceX.NET/">
   <soap:Header/>
   <soap:Body>
      <web:ConversionRate>
         <web:FromCurrency>ALL</web:FromCurrency>
         <web:ToCurrency>ALL</web:ToCurrency>
      </web:ConversionRate>
   </soap:Body>
</soap:Envelope>

---------------- Response --------------------------
Response Headers: X-AspNet-Version : 4.0.30319
Date : Sat, 15 Mar 2014 22:38:22 GMT
#status# : HTTP/1.1 200 OK
Content-Length : 375
Content-Type : application/soap+xml; charset=utf-8
X-Powered-By : ASP.NET
Server : Microsoft-IIS/7.0
Cache-Control : private, max-age=0


<soap:Envelope xmlns:soap="http://www.w3.org/2003/05/soap-envelope" xmlns:xsi="http://www.w3.org/2001/XMLSchema-instance" xmlns:xsd="http://www.w3.org/2001/XMLSchema">
   <soap:Body>
      <ConversionRateResponse xmlns="http://www.webserviceX.NET/">
         <ConversionRateResult>1</ConversionRateResult>
      </ConversionRateResponse>
   </soap:Body>
</soap:Envelope>

	at com.eviware.soapui.tools.SoapUITestCaseRunner.throwFailureException(SoapUITestCaseRunner.java:531)
	at com.eviware.soapui.tools.SoapUITestCaseRunner.runRunner(SoapUITestCaseRunner.java:433)
	at com.eviware.soapui.tools.AbstractSoapUIRunner.run(AbstractSoapUIRunner.java:158)
	at com.eviware.soapui.tools.AbstractSoapUIRunner.runFromCommandLine(AbstractSoapUIRunner.java:89)
	at com.eviware.soapui.SoapUIProTestCaseRunner.main(SourceFile:58)
2014-03-15 23:40:36,032 ERROR [errorlog] java.lang.Exception: TestSuite with name [TestSuite1,env=test-pass] is missing in Project [CurrencyConvertor]
java.lang.Exception: TestSuite with name [TestSuite1,env=test-pass] is missing in Project [CurrencyConvertor]
	at com.eviware.soapui.tools.SoapUITestCaseRunner.runRunner(SoapUITestCaseRunner.java:359)
	at com.eviware.soapui.tools.AbstractSoapUIRunner.run(AbstractSoapUIRunner.java:158)
	at com.eviware.soapui.tools.AbstractSoapUIRunner.runFromCommandLine(AbstractSoapUIRunner.java:89)
	at com.eviware.soapui.SoapUIProTestCaseRunner.main(SourceFile:58)
2014-03-15 23:46:53,528 ERROR [errorlog] java.net.MalformedURLException: unknown protocol: c
java.net.MalformedURLException: unknown protocol: c
	at java.net.URL.<init>(Unknown Source)
	at java.net.URL.<init>(Unknown Source)
	at java.net.URL.<init>(Unknown Source)
	at com.eviware.soapui.impl.wsdl.WsdlProject.<init>(WsdlProject.java:215)
	at com.eviware.soapui.impl.wsdl.WsdlProjectPro.<init>(SourceFile:156)
	at com.eviware.soapui.impl.wsdl.WsdlProjectProFactory.createNew(SourceFile:32)
	at com.eviware.soapui.impl.wsdl.WsdlProjectProFactory.createNew(SourceFile:16)
	at com.eviware.soapui.tools.SoapUITestCaseRunner.runRunner(SoapUITestCaseRunner.java:337)
	at com.eviware.soapui.tools.AbstractSoapUIRunner.run(AbstractSoapUIRunner.java:158)
	at com.eviware.soapui.tools.AbstractSoapUIRunner.runFromCommandLine(AbstractSoapUIRunner.java:89)
	at com.eviware.soapui.SoapUIProTestCaseRunner.main(SourceFile:58)
2014-03-15 23:46:53,612 ERROR [errorlog] java.lang.Exception: Failed to load SoapUI project file [C:\Software\CurrencyConvertor-soapui-project.xml]
java.lang.Exception: Failed to load SoapUI project file [C:\Software\CurrencyConvertor-soapui-project.xml]
	at com.eviware.soapui.tools.SoapUITestCaseRunner.runRunner(SoapUITestCaseRunner.java:341)
	at com.eviware.soapui.tools.AbstractSoapUIRunner.run(AbstractSoapUIRunner.java:158)
	at com.eviware.soapui.tools.AbstractSoapUIRunner.runFromCommandLine(AbstractSoapUIRunner.java:89)
	at com.eviware.soapui.SoapUIProTestCaseRunner.main(SourceFile:58)
2014-03-15 23:47:30,205 ERROR [errorlog] java.lang.Exception: Contains in [Copy of ConversionRate - My MockRequest] failed;
[Missing token [0.0219] in Response]
Status: FAILED
Time Taken: 736
Size: 375
Timestamp: Sat Mar 15 23:47:28 CET 2014
TestStep: Copy of ConversionRate - My MockRequest

----------------- Messages ------------------------------
[Contains] Missing token [0.0219] in Response

----------------- Properties ------------------------------
Encoding: UTF-8
Endpoint: http://www.webservicex.net/CurrencyConvertor.asmx

---------------- Request ---------------------------
Request Headers: Host : www.webservicex.net
Content-Length : 325
Accept-Encoding : gzip,deflate
User-Agent : Apache-HttpClient/4.1.1 (java 1.5)
Connection : Keep-Alive
Content-Type : application/soap+xml;charset=UTF-8;action="http://www.webserviceX.NET/ConversionRate"


<soap:Envelope xmlns:soap="http://www.w3.org/2003/05/soap-envelope" xmlns:web="http://www.webserviceX.NET/">
   <soap:Header/>
   <soap:Body>
      <web:ConversionRate>
         <web:FromCurrency>ALL</web:FromCurrency>
         <web:ToCurrency>ALL</web:ToCurrency>
      </web:ConversionRate>
   </soap:Body>
</soap:Envelope>

---------------- Response --------------------------
Response Headers: X-AspNet-Version : 4.0.30319
Date : Sat, 15 Mar 2014 22:47:31 GMT
#status# : HTTP/1.1 200 OK
Content-Length : 375
Content-Type : application/soap+xml; charset=utf-8
X-Powered-By : ASP.NET
Server : Microsoft-IIS/7.0
Cache-Control : private, max-age=0


<soap:Envelope xmlns:soap="http://www.w3.org/2003/05/soap-envelope" xmlns:xsi="http://www.w3.org/2001/XMLSchema-instance" xmlns:xsd="http://www.w3.org/2001/XMLSchema">
   <soap:Body>
      <ConversionRateResponse xmlns="http://www.webserviceX.NET/">
         <ConversionRateResult>1</ConversionRateResult>
      </ConversionRateResponse>
   </soap:Body>
</soap:Envelope>

java.lang.Exception: Contains in [Copy of ConversionRate - My MockRequest] failed;
[Missing token [0.0219] in Response]
Status: FAILED
Time Taken: 736
Size: 375
Timestamp: Sat Mar 15 23:47:28 CET 2014
TestStep: Copy of ConversionRate - My MockRequest

----------------- Messages ------------------------------
[Contains] Missing token [0.0219] in Response

----------------- Properties ------------------------------
Encoding: UTF-8
Endpoint: http://www.webservicex.net/CurrencyConvertor.asmx

---------------- Request ---------------------------
Request Headers: Host : www.webservicex.net
Content-Length : 325
Accept-Encoding : gzip,deflate
User-Agent : Apache-HttpClient/4.1.1 (java 1.5)
Connection : Keep-Alive
Content-Type : application/soap+xml;charset=UTF-8;action="http://www.webserviceX.NET/ConversionRate"


<soap:Envelope xmlns:soap="http://www.w3.org/2003/05/soap-envelope" xmlns:web="http://www.webserviceX.NET/">
   <soap:Header/>
   <soap:Body>
      <web:ConversionRate>
         <web:FromCurrency>ALL</web:FromCurrency>
         <web:ToCurrency>ALL</web:ToCurrency>
      </web:ConversionRate>
   </soap:Body>
</soap:Envelope>

---------------- Response --------------------------
Response Headers: X-AspNet-Version : 4.0.30319
Date : Sat, 15 Mar 2014 22:47:31 GMT
#status# : HTTP/1.1 200 OK
Content-Length : 375
Content-Type : application/soap+xml; charset=utf-8
X-Powered-By : ASP.NET
Server : Microsoft-IIS/7.0
Cache-Control : private, max-age=0


<soap:Envelope xmlns:soap="http://www.w3.org/2003/05/soap-envelope" xmlns:xsi="http://www.w3.org/2001/XMLSchema-instance" xmlns:xsd="http://www.w3.org/2001/XMLSchema">
   <soap:Body>
      <ConversionRateResponse xmlns="http://www.webserviceX.NET/">
         <ConversionRateResult>1</ConversionRateResult>
      </ConversionRateResponse>
   </soap:Body>
</soap:Envelope>

	at com.eviware.soapui.tools.SoapUITestCaseRunner.throwFailureException(SoapUITestCaseRunner.java:531)
	at com.eviware.soapui.tools.SoapUITestCaseRunner.runRunner(SoapUITestCaseRunner.java:433)
	at com.eviware.soapui.tools.AbstractSoapUIRunner.run(AbstractSoapUIRunner.java:158)
	at com.eviware.soapui.tools.AbstractSoapUIRunner.runFromCommandLine(AbstractSoapUIRunner.java:89)
	at com.eviware.soapui.SoapUIProTestCaseRunner.main(SourceFile:58)
2014-03-15 23:50:56,393 ERROR [errorlog] java.net.MalformedURLException: unknown protocol: c
java.net.MalformedURLException: unknown protocol: c
	at java.net.URL.<init>(Unknown Source)
	at java.net.URL.<init>(Unknown Source)
	at java.net.URL.<init>(Unknown Source)
	at com.eviware.soapui.impl.wsdl.WsdlProject.<init>(WsdlProject.java:215)
	at com.eviware.soapui.impl.wsdl.WsdlProjectPro.<init>(SourceFile:156)
	at com.eviware.soapui.impl.wsdl.WsdlProjectProFactory.createNew(SourceFile:32)
	at com.eviware.soapui.impl.wsdl.WsdlProjectProFactory.createNew(SourceFile:16)
	at com.eviware.soapui.tools.SoapUITestCaseRunner.runRunner(SoapUITestCaseRunner.java:337)
	at com.eviware.soapui.tools.AbstractSoapUIRunner.run(AbstractSoapUIRunner.java:158)
	at com.eviware.soapui.tools.AbstractSoapUIRunner.runFromCommandLine(AbstractSoapUIRunner.java:89)
	at com.eviware.soapui.SoapUIProTestCaseRunner.main(SourceFile:58)
2014-03-15 23:50:56,472 ERROR [errorlog] java.lang.Exception: Failed to load SoapUI project file [C:\Software\CurrencyConvertor-soapui-project.xml]
java.lang.Exception: Failed to load SoapUI project file [C:\Software\CurrencyConvertor-soapui-project.xml]
	at com.eviware.soapui.tools.SoapUITestCaseRunner.runRunner(SoapUITestCaseRunner.java:341)
	at com.eviware.soapui.tools.AbstractSoapUIRunner.run(AbstractSoapUIRunner.java:158)
	at com.eviware.soapui.tools.AbstractSoapUIRunner.runFromCommandLine(AbstractSoapUIRunner.java:89)
	at com.eviware.soapui.SoapUIProTestCaseRunner.main(SourceFile:58)
2014-03-15 23:51:57,730 ERROR [errorlog] java.lang.Exception: Contains in [Copy of ConversionRate - My MockRequest] failed;
[Missing token [0.0219] in Response]
Status: FAILED
Time Taken: 745
Size: 375
Timestamp: Sat Mar 15 23:51:56 CET 2014
TestStep: Copy of ConversionRate - My MockRequest

----------------- Messages ------------------------------
[Contains] Missing token [0.0219] in Response

----------------- Properties ------------------------------
Encoding: UTF-8
Endpoint: http://www.webservicex.net/CurrencyConvertor.asmx

---------------- Request ---------------------------
Request Headers: Host : www.webservicex.net
Content-Length : 325
Accept-Encoding : gzip,deflate
User-Agent : Apache-HttpClient/4.1.1 (java 1.5)
Connection : Keep-Alive
Content-Type : application/soap+xml;charset=UTF-8;action="http://www.webserviceX.NET/ConversionRate"


<soap:Envelope xmlns:soap="http://www.w3.org/2003/05/soap-envelope" xmlns:web="http://www.webserviceX.NET/">
   <soap:Header/>
   <soap:Body>
      <web:ConversionRate>
         <web:FromCurrency>ALL</web:FromCurrency>
         <web:ToCurrency>ALL</web:ToCurrency>
      </web:ConversionRate>
   </soap:Body>
</soap:Envelope>

---------------- Response --------------------------
Response Headers: X-AspNet-Version : 4.0.30319
Date : Sat, 15 Mar 2014 22:51:58 GMT
#status# : HTTP/1.1 200 OK
Content-Length : 375
Content-Type : application/soap+xml; charset=utf-8
X-Powered-By : ASP.NET
Server : Microsoft-IIS/7.0
Cache-Control : private, max-age=0


<soap:Envelope xmlns:soap="http://www.w3.org/2003/05/soap-envelope" xmlns:xsi="http://www.w3.org/2001/XMLSchema-instance" xmlns:xsd="http://www.w3.org/2001/XMLSchema">
   <soap:Body>
      <ConversionRateResponse xmlns="http://www.webserviceX.NET/">
         <ConversionRateResult>1</ConversionRateResult>
      </ConversionRateResponse>
   </soap:Body>
</soap:Envelope>

java.lang.Exception: Contains in [Copy of ConversionRate - My MockRequest] failed;
[Missing token [0.0219] in Response]
Status: FAILED
Time Taken: 745
Size: 375
Timestamp: Sat Mar 15 23:51:56 CET 2014
TestStep: Copy of ConversionRate - My MockRequest

----------------- Messages ------------------------------
[Contains] Missing token [0.0219] in Response

----------------- Properties ------------------------------
Encoding: UTF-8
Endpoint: http://www.webservicex.net/CurrencyConvertor.asmx

---------------- Request ---------------------------
Request Headers: Host : www.webservicex.net
Content-Length : 325
Accept-Encoding : gzip,deflate
User-Agent : Apache-HttpClient/4.1.1 (java 1.5)
Connection : Keep-Alive
Content-Type : application/soap+xml;charset=UTF-8;action="http://www.webserviceX.NET/ConversionRate"


<soap:Envelope xmlns:soap="http://www.w3.org/2003/05/soap-envelope" xmlns:web="http://www.webserviceX.NET/">
   <soap:Header/>
   <soap:Body>
      <web:ConversionRate>
         <web:FromCurrency>ALL</web:FromCurrency>
         <web:ToCurrency>ALL</web:ToCurrency>
      </web:ConversionRate>
   </soap:Body>
</soap:Envelope>

---------------- Response --------------------------
Response Headers: X-AspNet-Version : 4.0.30319
Date : Sat, 15 Mar 2014 22:51:58 GMT
#status# : HTTP/1.1 200 OK
Content-Length : 375
Content-Type : application/soap+xml; charset=utf-8
X-Powered-By : ASP.NET
Server : Microsoft-IIS/7.0
Cache-Control : private, max-age=0


<soap:Envelope xmlns:soap="http://www.w3.org/2003/05/soap-envelope" xmlns:xsi="http://www.w3.org/2001/XMLSchema-instance" xmlns:xsd="http://www.w3.org/2001/XMLSchema">
   <soap:Body>
      <ConversionRateResponse xmlns="http://www.webserviceX.NET/">
         <ConversionRateResult>1</ConversionRateResult>
      </ConversionRateResponse>
   </soap:Body>
</soap:Envelope>

	at com.eviware.soapui.tools.SoapUITestCaseRunner.throwFailureException(SoapUITestCaseRunner.java:531)
	at com.eviware.soapui.tools.SoapUITestCaseRunner.runRunner(SoapUITestCaseRunner.java:433)
	at com.eviware.soapui.tools.AbstractSoapUIRunner.run(AbstractSoapUIRunner.java:158)
	at com.eviware.soapui.tools.AbstractSoapUIRunner.runFromCommandLine(AbstractSoapUIRunner.java:89)
	at com.eviware.soapui.SoapUIProTestCaseRunner.main(SourceFile:58)
