2014-03-15 17:03:39,194 ERROR [errorlog] java.lang.Exception: Contains in [Copy of ConversionRate - My MockRequest] failed;
[Missing token [0.0219] in Response]
Status: FAILED
Time Taken: 761
Size: 375
Timestamp: Sat Mar 15 17:03:38 CET 2014
TestStep: Copy of ConversionRate - My MockRequest

----------------- Messages ------------------------------
[Contains] Missing token [0.0219] in Response

----------------- Properties ------------------------------
Encoding: UTF-8
Endpoint: http://www.webservicex.net/CurrencyConvertor.asmx

---------------- Request ---------------------------
Request Headers: Host : www.webservicex.net
Content-Length : 325
Accept-Encoding : gzip,deflate
User-Agent : Apache-HttpClient/4.1.1 (java 1.5)
Connection : Keep-Alive
Content-Type : application/soap+xml;charset=UTF-8;action="http://www.webserviceX.NET/ConversionRate"


<soap:Envelope xmlns:soap="http://www.w3.org/2003/05/soap-envelope" xmlns:web="http://www.webserviceX.NET/">
   <soap:Header/>
   <soap:Body>
      <web:ConversionRate>
         <web:FromCurrency>ALL</web:FromCurrency>
         <web:ToCurrency>ALL</web:ToCurrency>
      </web:ConversionRate>
   </soap:Body>
</soap:Envelope>

---------------- Response --------------------------
Response Headers: X-AspNet-Version : 4.0.30319
Date : Sat, 15 Mar 2014 16:03:38 GMT
#status# : HTTP/1.1 200 OK
Content-Length : 375
Content-Type : application/soap+xml; charset=utf-8
X-Powered-By : ASP.NET
Server : Microsoft-IIS/7.0
Cache-Control : private, max-age=0


<soap:Envelope xmlns:soap="http://www.w3.org/2003/05/soap-envelope" xmlns:xsi="http://www.w3.org/2001/XMLSchema-instance" xmlns:xsd="http://www.w3.org/2001/XMLSchema">
   <soap:Body>
      <ConversionRateResponse xmlns="http://www.webserviceX.NET/">
         <ConversionRateResult>1</ConversionRateResult>
      </ConversionRateResponse>
   </soap:Body>
</soap:Envelope>

java.lang.Exception: Contains in [Copy of ConversionRate - My MockRequest] failed;
[Missing token [0.0219] in Response]
Status: FAILED
Time Taken: 761
Size: 375
Timestamp: Sat Mar 15 17:03:38 CET 2014
TestStep: Copy of ConversionRate - My MockRequest

----------------- Messages ------------------------------
[Contains] Missing token [0.0219] in Response

----------------- Properties ------------------------------
Encoding: UTF-8
Endpoint: http://www.webservicex.net/CurrencyConvertor.asmx

---------------- Request ---------------------------
Request Headers: Host : www.webservicex.net
Content-Length : 325
Accept-Encoding : gzip,deflate
User-Agent : Apache-HttpClient/4.1.1 (java 1.5)
Connection : Keep-Alive
Content-Type : application/soap+xml;charset=UTF-8;action="http://www.webserviceX.NET/ConversionRate"


<soap:Envelope xmlns:soap="http://www.w3.org/2003/05/soap-envelope" xmlns:web="http://www.webserviceX.NET/">
   <soap:Header/>
   <soap:Body>
      <web:ConversionRate>
         <web:FromCurrency>ALL</web:FromCurrency>
         <web:ToCurrency>ALL</web:ToCurrency>
      </web:ConversionRate>
   </soap:Body>
</soap:Envelope>

---------------- Response --------------------------
Response Headers: X-AspNet-Version : 4.0.30319
Date : Sat, 15 Mar 2014 16:03:38 GMT
#status# : HTTP/1.1 200 OK
Content-Length : 375
Content-Type : application/soap+xml; charset=utf-8
X-Powered-By : ASP.NET
Server : Microsoft-IIS/7.0
Cache-Control : private, max-age=0


<soap:Envelope xmlns:soap="http://www.w3.org/2003/05/soap-envelope" xmlns:xsi="http://www.w3.org/2001/XMLSchema-instance" xmlns:xsd="http://www.w3.org/2001/XMLSchema">
   <soap:Body>
      <ConversionRateResponse xmlns="http://www.webserviceX.NET/">
         <ConversionRateResult>1</ConversionRateResult>
      </ConversionRateResponse>
   </soap:Body>
</soap:Envelope>

	at com.eviware.soapui.tools.SoapUITestCaseRunner.throwFailureException(SoapUITestCaseRunner.java:531)
	at com.eviware.soapui.tools.SoapUITestCaseRunner.runRunner(SoapUITestCaseRunner.java:433)
	at com.eviware.soapui.tools.AbstractSoapUIRunner.run(AbstractSoapUIRunner.java:158)
	at com.eviware.soapui.tools.AbstractSoapUIRunner.runFromCommandLine(AbstractSoapUIRunner.java:89)
	at com.eviware.soapui.SoapUIProTestCaseRunner.main(SourceFile:58)
2014-03-15 17:08:36,838 ERROR [errorlog] java.lang.Exception: Contains in [Copy of ConversionRate - My MockRequest] failed;
[Missing token [0.0219] in Response]
Status: FAILED
Time Taken: 869
Size: 375
Timestamp: Sat Mar 15 17:08:35 CET 2014
TestStep: Copy of ConversionRate - My MockRequest

----------------- Messages ------------------------------
[Contains] Missing token [0.0219] in Response

----------------- Properties ------------------------------
Encoding: UTF-8
Endpoint: http://www.webservicex.net/CurrencyConvertor.asmx

---------------- Request ---------------------------
Request Headers: Host : www.webservicex.net
Content-Length : 325
Accept-Encoding : gzip,deflate
User-Agent : Apache-HttpClient/4.1.1 (java 1.5)
Connection : Keep-Alive
Content-Type : application/soap+xml;charset=UTF-8;action="http://www.webserviceX.NET/ConversionRate"


<soap:Envelope xmlns:soap="http://www.w3.org/2003/05/soap-envelope" xmlns:web="http://www.webserviceX.NET/">
   <soap:Header/>
   <soap:Body>
      <web:ConversionRate>
         <web:FromCurrency>ALL</web:FromCurrency>
         <web:ToCurrency>ALL</web:ToCurrency>
      </web:ConversionRate>
   </soap:Body>
</soap:Envelope>

---------------- Response --------------------------
Response Headers: X-AspNet-Version : 4.0.30319
Date : Sat, 15 Mar 2014 16:08:36 GMT
#status# : HTTP/1.1 200 OK
Content-Length : 375
Content-Type : application/soap+xml; charset=utf-8
X-Powered-By : ASP.NET
Server : Microsoft-IIS/7.0
Cache-Control : private, max-age=0


<soap:Envelope xmlns:soap="http://www.w3.org/2003/05/soap-envelope" xmlns:xsi="http://www.w3.org/2001/XMLSchema-instance" xmlns:xsd="http://www.w3.org/2001/XMLSchema">
   <soap:Body>
      <ConversionRateResponse xmlns="http://www.webserviceX.NET/">
         <ConversionRateResult>1</ConversionRateResult>
      </ConversionRateResponse>
   </soap:Body>
</soap:Envelope>

java.lang.Exception: Contains in [Copy of ConversionRate - My MockRequest] failed;
[Missing token [0.0219] in Response]
Status: FAILED
Time Taken: 869
Size: 375
Timestamp: Sat Mar 15 17:08:35 CET 2014
TestStep: Copy of ConversionRate - My MockRequest

----------------- Messages ------------------------------
[Contains] Missing token [0.0219] in Response

----------------- Properties ------------------------------
Encoding: UTF-8
Endpoint: http://www.webservicex.net/CurrencyConvertor.asmx

---------------- Request ---------------------------
Request Headers: Host : www.webservicex.net
Content-Length : 325
Accept-Encoding : gzip,deflate
User-Agent : Apache-HttpClient/4.1.1 (java 1.5)
Connection : Keep-Alive
Content-Type : application/soap+xml;charset=UTF-8;action="http://www.webserviceX.NET/ConversionRate"


<soap:Envelope xmlns:soap="http://www.w3.org/2003/05/soap-envelope" xmlns:web="http://www.webserviceX.NET/">
   <soap:Header/>
   <soap:Body>
      <web:ConversionRate>
         <web:FromCurrency>ALL</web:FromCurrency>
         <web:ToCurrency>ALL</web:ToCurrency>
      </web:ConversionRate>
   </soap:Body>
</soap:Envelope>

---------------- Response --------------------------
Response Headers: X-AspNet-Version : 4.0.30319
Date : Sat, 15 Mar 2014 16:08:36 GMT
#status# : HTTP/1.1 200 OK
Content-Length : 375
Content-Type : application/soap+xml; charset=utf-8
X-Powered-By : ASP.NET
Server : Microsoft-IIS/7.0
Cache-Control : private, max-age=0


<soap:Envelope xmlns:soap="http://www.w3.org/2003/05/soap-envelope" xmlns:xsi="http://www.w3.org/2001/XMLSchema-instance" xmlns:xsd="http://www.w3.org/2001/XMLSchema">
   <soap:Body>
      <ConversionRateResponse xmlns="http://www.webserviceX.NET/">
         <ConversionRateResult>1</ConversionRateResult>
      </ConversionRateResponse>
   </soap:Body>
</soap:Envelope>

	at com.eviware.soapui.tools.SoapUITestCaseRunner.throwFailureException(SoapUITestCaseRunner.java:531)
	at com.eviware.soapui.tools.SoapUITestCaseRunner.runRunner(SoapUITestCaseRunner.java:433)
	at com.eviware.soapui.tools.AbstractSoapUIRunner.run(AbstractSoapUIRunner.java:158)
	at com.eviware.soapui.tools.AbstractSoapUIRunner.runFromCommandLine(AbstractSoapUIRunner.java:89)
	at com.eviware.soapui.SoapUIProTestCaseRunner.main(SourceFile:58)
2014-03-15 17:12:26,843 ERROR [errorlog] java.lang.Exception: Contains in [Copy of ConversionRate - My MockRequest] failed;
[Missing token [0.0219] in Response]
Status: FAILED
Time Taken: 776
Size: 375
Timestamp: Sat Mar 15 17:12:26 CET 2014
TestStep: Copy of ConversionRate - My MockRequest

----------------- Messages ------------------------------
[Contains] Missing token [0.0219] in Response

----------------- Properties ------------------------------
Encoding: UTF-8
Endpoint: http://www.webservicex.net/CurrencyConvertor.asmx

---------------- Request ---------------------------
Request Headers: Host : www.webservicex.net
Content-Length : 325
Accept-Encoding : gzip,deflate
User-Agent : Apache-HttpClient/4.1.1 (java 1.5)
Connection : Keep-Alive
Content-Type : application/soap+xml;charset=UTF-8;action="http://www.webserviceX.NET/ConversionRate"


<soap:Envelope xmlns:soap="http://www.w3.org/2003/05/soap-envelope" xmlns:web="http://www.webserviceX.NET/">
   <soap:Header/>
   <soap:Body>
      <web:ConversionRate>
         <web:FromCurrency>ALL</web:FromCurrency>
         <web:ToCurrency>ALL</web:ToCurrency>
      </web:ConversionRate>
   </soap:Body>
</soap:Envelope>

---------------- Response --------------------------
Response Headers: X-AspNet-Version : 4.0.30319
Date : Sat, 15 Mar 2014 16:12:26 GMT
#status# : HTTP/1.1 200 OK
Content-Length : 375
Content-Type : application/soap+xml; charset=utf-8
X-Powered-By : ASP.NET
Server : Microsoft-IIS/7.0
Cache-Control : private, max-age=0


<soap:Envelope xmlns:soap="http://www.w3.org/2003/05/soap-envelope" xmlns:xsi="http://www.w3.org/2001/XMLSchema-instance" xmlns:xsd="http://www.w3.org/2001/XMLSchema">
   <soap:Body>
      <ConversionRateResponse xmlns="http://www.webserviceX.NET/">
         <ConversionRateResult>1</ConversionRateResult>
      </ConversionRateResponse>
   </soap:Body>
</soap:Envelope>

java.lang.Exception: Contains in [Copy of ConversionRate - My MockRequest] failed;
[Missing token [0.0219] in Response]
Status: FAILED
Time Taken: 776
Size: 375
Timestamp: Sat Mar 15 17:12:26 CET 2014
TestStep: Copy of ConversionRate - My MockRequest

----------------- Messages ------------------------------
[Contains] Missing token [0.0219] in Response

----------------- Properties ------------------------------
Encoding: UTF-8
Endpoint: http://www.webservicex.net/CurrencyConvertor.asmx

---------------- Request ---------------------------
Request Headers: Host : www.webservicex.net
Content-Length : 325
Accept-Encoding : gzip,deflate
User-Agent : Apache-HttpClient/4.1.1 (java 1.5)
Connection : Keep-Alive
Content-Type : application/soap+xml;charset=UTF-8;action="http://www.webserviceX.NET/ConversionRate"


<soap:Envelope xmlns:soap="http://www.w3.org/2003/05/soap-envelope" xmlns:web="http://www.webserviceX.NET/">
   <soap:Header/>
   <soap:Body>
      <web:ConversionRate>
         <web:FromCurrency>ALL</web:FromCurrency>
         <web:ToCurrency>ALL</web:ToCurrency>
      </web:ConversionRate>
   </soap:Body>
</soap:Envelope>

---------------- Response --------------------------
Response Headers: X-AspNet-Version : 4.0.30319
Date : Sat, 15 Mar 2014 16:12:26 GMT
#status# : HTTP/1.1 200 OK
Content-Length : 375
Content-Type : application/soap+xml; charset=utf-8
X-Powered-By : ASP.NET
Server : Microsoft-IIS/7.0
Cache-Control : private, max-age=0


<soap:Envelope xmlns:soap="http://www.w3.org/2003/05/soap-envelope" xmlns:xsi="http://www.w3.org/2001/XMLSchema-instance" xmlns:xsd="http://www.w3.org/2001/XMLSchema">
   <soap:Body>
      <ConversionRateResponse xmlns="http://www.webserviceX.NET/">
         <ConversionRateResult>1</ConversionRateResult>
      </ConversionRateResponse>
   </soap:Body>
</soap:Envelope>

	at com.eviware.soapui.tools.SoapUITestCaseRunner.throwFailureException(SoapUITestCaseRunner.java:531)
	at com.eviware.soapui.tools.SoapUITestCaseRunner.runRunner(SoapUITestCaseRunner.java:433)
	at com.eviware.soapui.tools.AbstractSoapUIRunner.run(AbstractSoapUIRunner.java:158)
	at com.eviware.soapui.tools.AbstractSoapUIRunner.runFromCommandLine(AbstractSoapUIRunner.java:89)
	at com.eviware.soapui.SoapUIProTestCaseRunner.main(SourceFile:58)
